
=== OpenMP threads: 1 (max: 8) ===
Algorithm            N      Seq ms      OMP ms   Speedup
--------------------------------------------------------
Bubble            1000       1.079       1.058      1.02
Selection         1000       1.724       2.393      0.72
Insertion         1000       0.144       0.153      0.94
--------------------------------------------------------
Bubble           10000      71.057      32.391      2.19
Selection        10000      93.727     127.320      0.74
Insertion        10000       8.185       8.055      1.02
--------------------------------------------------------
Bubble          100000   11930.032    5653.591      2.11
Selection       100000    9491.815   12601.171      0.75
Insertion       100000     797.235     811.005      0.98
--------------------------------------------------------

=== OpenMP threads: 2 (max: 8) ===
Algorithm            N      Seq ms      OMP ms   Speedup
--------------------------------------------------------
Bubble            1000       0.584       7.240      0.08
Selection         1000       0.905       7.107      0.13
Insertion         1000       0.090       0.076      1.18
--------------------------------------------------------
Bubble           10000      58.276      94.058      0.62
Selection        10000      93.341     176.356      0.53
Insertion        10000       7.781       2.137      3.64
--------------------------------------------------------
Bubble          100000   12174.119    6075.227      2.00
Selection       100000    9610.156    9246.839      1.04
Insertion       100000     803.622     219.007      3.67
--------------------------------------------------------

=== OpenMP threads: 4 (max: 8) ===
Algorithm            N      Seq ms      OMP ms   Speedup
--------------------------------------------------------
Bubble            1000       0.591      12.667      0.05
Selection         1000       0.920      13.003      0.07
Insertion         1000       0.090       0.073      1.23
--------------------------------------------------------
Bubble           10000      58.039     148.897      0.39
Selection        10000      93.326     217.549      0.43
Insertion        10000       7.803       0.727     10.73
--------------------------------------------------------
Bubble          100000   11888.492    5339.415      2.23
Selection       100000    9375.930    7360.098      1.27
Insertion       100000     808.384      54.479     14.84
--------------------------------------------------------

=== OpenMP threads: 8 (max: 8) ===
Algorithm            N      Seq ms      OMP ms   Speedup
--------------------------------------------------------
Bubble            1000       0.593      34.056      0.02
Selection         1000       0.906      30.761      0.03
Insertion         1000       0.093       0.171      0.54
--------------------------------------------------------
Bubble           10000      58.235     339.750      0.17
Selection        10000      93.292     407.778      0.23
Insertion        10000       7.870       0.558     14.10
--------------------------------------------------------
Bubble          100000   11962.824    6009.957      1.99
Selection       100000    9538.823    8140.614      1.17
Insertion       100000     817.198      21.139     38.66
--------------------------------------------------------
